<?xml version="1.0" encoding="UTF-8"?>
<testng-results ignored="0" total="1" passed="0" failed="1" skipped="0">
  <reporter-output>
  </reporter-output>
  <suite started-at="2024-01-04T10:46:19 IST" name="Default suite" finished-at="2024-01-04T10:46:29 IST" duration-ms="9060">
    <groups>
      <group name="System">
        <method signature="TC02_AddToCartTest.addToCart_Test_Script()[pri:0, instance:testscripts.TC02_AddToCartTest@563f38c4]" name="addToCart_Test_Script" class="testscripts.TC02_AddToCartTest"/>
      </group> <!-- System -->
    </groups>
    <test started-at="2024-01-04T10:46:19 IST" name="Default test" finished-at="2024-01-04T10:46:29 IST" duration-ms="9060">
      <class name="testscripts.TC02_AddToCartTest">
        <test-method is-config="true" signature="launchBrowser(java.lang.String)[pri:0, instance:testscripts.TC02_AddToCartTest@563f38c4]" started-at="2024-01-04T10:46:20 IST" name="launchBrowser" finished-at="2024-01-04T10:46:25 IST" duration-ms="5024" status="PASS">
          <params>
            <param index="0">
              <value>
                <![CDATA[chrome]]>
              </value>
            </param>
          </params>
          <reporter-output>
          </reporter-output>
        </test-method> <!-- launchBrowser -->
        <test-method is-config="true" signature="login()[pri:0, instance:testscripts.TC02_AddToCartTest@563f38c4]" started-at="2024-01-04T10:46:25 IST" name="login" finished-at="2024-01-04T10:46:27 IST" duration-ms="1943" status="PASS">
          <reporter-output>
          </reporter-output>
        </test-method> <!-- login -->
        <test-method signature="addToCart_Test_Script()[pri:0, instance:testscripts.TC02_AddToCartTest@563f38c4]" started-at="2024-01-04T10:46:27 IST" name="addToCart_Test_Script" finished-at="2024-01-04T10:46:27 IST" duration-ms="701" status="FAIL">
          <exception class="java.io.FileNotFoundException">
            <message>
              <![CDATA[.src\test\resources\testData\Book1.xlsx (The system cannot find the path specified)]]>
            </message>
            <full-stacktrace>
              <![CDATA[java.io.FileNotFoundException: .src\test\resources\testData\Book1.xlsx (The system cannot find the path specified)
at java.base/java.io.FileInputStream.open0(Native Method)
at java.base/java.io.FileInputStream.open(FileInputStream.java:216)
at java.base/java.io.FileInputStream.<init>(FileInputStream.java:157)
at java.base/java.io.FileInputStream.<init>(FileInputStream.java:111)
at genericlibrary.DataUtility.getDataFromExcel(DataUtility.java:26)
at testscripts.TC02_AddToCartTest.addToCart_Test_Script(TC02_AddToCartTest.java:35)
at java.base/jdk.internal.reflect.NativeMethodAccessorImpl.invoke0(Native Method)
at java.base/jdk.internal.reflect.NativeMethodAccessorImpl.invoke(NativeMethodAccessorImpl.java:77)
at java.base/jdk.internal.reflect.DelegatingMethodAccessorImpl.invoke(DelegatingMethodAccessorImpl.java:43)
at java.base/java.lang.reflect.Method.invoke(Method.java:568)
at org.testng.internal.invokers.MethodInvocationHelper.invokeMethod(MethodInvocationHelper.java:139)
at org.testng.internal.invokers.TestInvoker.invokeMethod(TestInvoker.java:664)
at org.testng.internal.invokers.TestInvoker.invokeTestMethod(TestInvoker.java:227)
at org.testng.internal.invokers.MethodRunner.runInSequence(MethodRunner.java:50)
at org.testng.internal.invokers.TestInvoker$MethodInvocationAgent.invoke(TestInvoker.java:957)
at org.testng.internal.invokers.TestInvoker.invokeTestMethods(TestInvoker.java:200)
at org.testng.internal.invokers.TestMethodWorker.invokeTestMethods(TestMethodWorker.java:148)
at org.testng.internal.invokers.TestMethodWorker.run(TestMethodWorker.java:128)
at java.base/java.util.ArrayList.forEach(ArrayList.java:1511)
at org.testng.TestRunner.privateRun(TestRunner.java:848)
at org.testng.TestRunner.run(TestRunner.java:621)
at org.testng.SuiteRunner.runTest(SuiteRunner.java:443)
at org.testng.SuiteRunner.runSequentially(SuiteRunner.java:437)
at org.testng.SuiteRunner.privateRun(SuiteRunner.java:397)
at org.testng.SuiteRunner.run(SuiteRunner.java:336)
at org.testng.SuiteRunnerWorker.runSuite(SuiteRunnerWorker.java:52)
at org.testng.SuiteRunnerWorker.run(SuiteRunnerWorker.java:95)
at org.testng.TestNG.runSuitesSequentially(TestNG.java:1280)
at org.testng.TestNG.runSuitesLocally(TestNG.java:1200)
at org.testng.TestNG.runSuites(TestNG.java:1114)
at org.testng.TestNG.run(TestNG.java:1082)
at org.testng.remote.AbstractRemoteTestNG.run(AbstractRemoteTestNG.java:115)
at org.testng.remote.RemoteTestNG.initAndRun(RemoteTestNG.java:251)
at org.testng.remote.RemoteTestNG.main(RemoteTestNG.java:77)
]]>
            </full-stacktrace>
          </exception> <!-- java.io.FileNotFoundException -->
          <reporter-output>
          </reporter-output>
        </test-method> <!-- addToCart_Test_Script -->
        <test-method is-config="true" signature="logout()[pri:0, instance:testscripts.TC02_AddToCartTest@563f38c4]" started-at="2024-01-04T10:46:28 IST" name="logout" finished-at="2024-01-04T10:46:28 IST" duration-ms="775" status="PASS">
          <reporter-output>
          </reporter-output>
        </test-method> <!-- logout -->
        <test-method is-config="true" signature="closeBrowser()[pri:0, instance:testscripts.TC02_AddToCartTest@563f38c4]" started-at="2024-01-04T10:46:28 IST" name="closeBrowser" finished-at="2024-01-04T10:46:29 IST" duration-ms="150" status="PASS">
          <reporter-output>
          </reporter-output>
        </test-method> <!-- closeBrowser -->
      </class> <!-- testscripts.TC02_AddToCartTest -->
    </test> <!-- Default test -->
  </suite> <!-- Default suite -->
</testng-results>
